<?xml version="1.0" encoding="UTF-8"?>
<!-- Generated by org.testng.reporters.JUnitReportReporter -->
<testsuite hostname="WINDOWS-VP6KEMI" failures="0" tests="2" name="com.pushpa.tests.myTest" time="61.995" errors="0" timestamp="2022-07-31T14:32:31 IST" skipped="0">
  <testcase classname="com.pushpa.tests.myTest" name="imdbTest" time="24.922"/>
  <system-out/>
  <testcase classname="com.pushpa.tests.myTest" name="wikiTest" time="37.073"/>
  <system-out/>
</testsuite> <!-- com.pushpa.tests.myTest -->
